  AnimatedTexture.cpp
  AssetManager.cpp
  AudioManager.cpp
  Bees.cpp
  DonkeyKong.cpp
C:\Users\jmvil\Documents\_Projects\SDL Projects\Assignment1\Assignment1\Assignment1\Bees.h(5,10): fatal error C1083: Cannot open include file: 'BezierPath.h': No such file or directory
  Flower.cpp
  GameEntity.cpp
C:\Users\jmvil\Documents\_Projects\SDL Projects\Assignment1\Assignment1\Assignment1\DonkeyKong.cpp(58,31): warning C4244: 'argument': conversion from 'double' to 'float', possible loss of data
  GameManager.cpp
C:\Users\jmvil\Documents\_Projects\SDL Projects\Assignment1\Assignment1\Assignment1\MathHelper.h(23,15): warning C4244: 'return': conversion from 'double' to 'float', possible loss of data
  Graphics.cpp
  InputManager.cpp
C:\Users\jmvil\Documents\_Projects\SDL Projects\Assignment1\Assignment1\Assignment1\Bees.h(5,10): fatal error C1083: Cannot open include file: 'BezierPath.h': No such file or directory
  Level.cpp
C:\Users\jmvil\Documents\_Projects\SDL Projects\Assignment1\Assignment1\Assignment1\MathHelper.h(23,15): warning C4244: 'return': conversion from 'double' to 'float', possible loss of data
  main.cpp
C:\Users\jmvil\Documents\_Projects\SDL Projects\Assignment1\Assignment1\Assignment1\Bees.h(5,10): fatal error C1083: Cannot open include file: 'BezierPath.h': No such file or directory
  Platform.cpp
  Player.cpp
  PlayScreen.cpp
C:\Users\jmvil\Documents\_Projects\SDL Projects\Assignment1\Assignment1\Assignment1\Bees.h(5,10): fatal error C1083: Cannot open include file: 'BezierPath.h': No such file or directory
  Random.cpp
  Scoreboard.cpp
  ScreenManager.cpp
C:\Users\jmvil\Documents\_Projects\SDL Projects\Assignment1\Assignment1\Assignment1\Bees.h(5,10): fatal error C1083: Cannot open include file: 'BezierPath.h': No such file or directory
  Spray.cpp
C:\Users\jmvil\Documents\_Projects\SDL Projects\Assignment1\Assignment1\Assignment1\Bees.h(5,10): fatal error C1083: Cannot open include file: 'BezierPath.h': No such file or directory
  StartScreen.cpp
  Generating Code...
  Compiling...
  Texture.cpp
  Timer.cpp
  UserInterface.cpp
  Generating Code...
C:\Users\jmvil\Documents\_Projects\SDL Projects\Assignment1\Assignment1\Assignment1\Spray.cpp(36,46): warning C4244: '=': conversion from 'double' to 'float', possible loss of data
