c:\users\jmvil\documents\_projects\sdl projects\assignment1\assignment1\assignment1\debug\vc142.pdb
c:\users\jmvil\documents\_projects\sdl projects\assignment1\assignment1\assignment1\debug\vc142.idb
c:\users\jmvil\documents\_projects\sdl projects\assignment1\assignment1\assignment1\debug\userinterface.obj
c:\users\jmvil\documents\_projects\sdl projects\assignment1\assignment1\assignment1\debug\timer.obj
c:\users\jmvil\documents\_projects\sdl projects\assignment1\assignment1\assignment1\debug\texture.obj
c:\users\jmvil\documents\_projects\sdl projects\assignment1\assignment1\assignment1\debug\startscreen.obj
c:\users\jmvil\documents\_projects\sdl projects\assignment1\assignment1\assignment1\debug\spray.obj
c:\users\jmvil\documents\_projects\sdl projects\assignment1\assignment1\assignment1\debug\screenmanager.obj
c:\users\jmvil\documents\_projects\sdl projects\assignment1\assignment1\assignment1\debug\scoreboard.obj
c:\users\jmvil\documents\_projects\sdl projects\assignment1\assignment1\assignment1\debug\random.obj
c:\users\jmvil\documents\_projects\sdl projects\assignment1\assignment1\assignment1\debug\playscreen.obj
c:\users\jmvil\documents\_projects\sdl projects\assignment1\assignment1\assignment1\debug\player.obj
c:\users\jmvil\documents\_projects\sdl projects\assignment1\assignment1\assignment1\debug\platform.obj
c:\users\jmvil\documents\_projects\sdl projects\assignment1\assignment1\assignment1\debug\main.obj
c:\users\jmvil\documents\_projects\sdl projects\assignment1\assignment1\assignment1\debug\level.obj
c:\users\jmvil\documents\_projects\sdl projects\assignment1\assignment1\assignment1\debug\inputmanager.obj
c:\users\jmvil\documents\_projects\sdl projects\assignment1\assignment1\assignment1\debug\graphics.obj
c:\users\jmvil\documents\_projects\sdl projects\assignment1\assignment1\assignment1\debug\gamemanager.obj
c:\users\jmvil\documents\_projects\sdl projects\assignment1\assignment1\assignment1\debug\gameentity.obj
c:\users\jmvil\documents\_projects\sdl projects\assignment1\assignment1\assignment1\debug\audiomanager.obj
c:\users\jmvil\documents\_projects\sdl projects\assignment1\assignment1\assignment1\debug\assetmanager.obj
c:\users\jmvil\documents\_projects\sdl projects\assignment1\assignment1\assignment1\debug\animatedtexture.obj
c:\users\jmvil\documents\_projects\sdl projects\assignment1\assignment1\assignment1\debug\flower.obj
c:\users\jmvil\documents\_projects\sdl projects\assignment1\assignment1\debug\assignment1.exe
c:\users\jmvil\documents\_projects\sdl projects\assignment1\assignment1\debug\assignment1.ilk
c:\users\jmvil\documents\_projects\sdl projects\assignment1\assignment1\debug\assignment1.pdb
c:\users\jmvil\documents\_projects\sdl projects\assignment1\assignment1\assignment1\debug\assignment1.tlog\cl.command.1.tlog
c:\users\jmvil\documents\_projects\sdl projects\assignment1\assignment1\assignment1\debug\assignment1.tlog\cl.read.1.tlog
c:\users\jmvil\documents\_projects\sdl projects\assignment1\assignment1\assignment1\debug\assignment1.tlog\cl.write.1.tlog
c:\users\jmvil\documents\_projects\sdl projects\assignment1\assignment1\assignment1\debug\assignment1.tlog\link.command.1.tlog
c:\users\jmvil\documents\_projects\sdl projects\assignment1\assignment1\assignment1\debug\assignment1.tlog\link.read.1.tlog
c:\users\jmvil\documents\_projects\sdl projects\assignment1\assignment1\assignment1\debug\assignment1.tlog\link.write.1.tlog
